  ExplicitUpwind.cpp
  Matrix.cpp
c:\users\kacper\documents\github\cm_cpp_as_kg\project_cm_cpp\project_cm_cpp\matrix.cpp(45): warning C4018: '<': signed/unsigned mismatch
c:\users\kacper\documents\github\cm_cpp_as_kg\project_cm_cpp\project_cm_cpp\matrix.cpp(47): warning C4018: '<': signed/unsigned mismatch
  Scheme.cpp
c:\users\kacper\documents\github\cm_cpp_as_kg\project_cm_cpp\project_cm_cpp\scheme.cpp(11): warning C4244: 'initializing': conversion from 'double' to 'int', possible loss of data
c:\users\kacper\documents\github\cm_cpp_as_kg\project_cm_cpp\project_cm_cpp\scheme.cpp(12): warning C4244: 'initializing': conversion from 'double' to 'int', possible loss of data
c:\users\kacper\documents\github\cm_cpp_as_kg\project_cm_cpp\project_cm_cpp\scheme.cpp(39): warning C4018: '<': signed/unsigned mismatch
c:\users\kacper\documents\github\cm_cpp_as_kg\project_cm_cpp\project_cm_cpp\scheme.cpp(46): warning C4018: '<': signed/unsigned mismatch
c:\users\kacper\documents\github\cm_cpp_as_kg\project_cm_cpp\project_cm_cpp\scheme.cpp(97): warning C4018: '<': signed/unsigned mismatch
c:\users\kacper\documents\github\cm_cpp_as_kg\project_cm_cpp\project_cm_cpp\scheme.cpp(99): warning C4018: '<': signed/unsigned mismatch
  main.cpp
c:\users\kacper\documents\github\cm_cpp_as_kg\project_cm_cpp\project_cm_cpp\main.cpp(136): warning C4101: 'newB': unreferenced local variable
c:\users\kacper\documents\github\cm_cpp_as_kg\project_cm_cpp\project_cm_cpp\main.cpp(136): warning C4101: 'newD': unreferenced local variable
c:\users\kacper\documents\github\cm_cpp_as_kg\project_cm_cpp\project_cm_cpp\main.cpp(218): warning C4244: 'initializing': conversion from 'double' to 'int', possible loss of data
c:\users\kacper\documents\github\cm_cpp_as_kg\project_cm_cpp\project_cm_cpp\main.cpp(219): warning C4244: 'initializing': conversion from 'double' to 'int', possible loss of data
c:\users\kacper\documents\github\cm_cpp_as_kg\project_cm_cpp\project_cm_cpp\main.cpp(227): warning C4018: '<': signed/unsigned mismatch
c:\users\kacper\documents\github\cm_cpp_as_kg\project_cm_cpp\project_cm_cpp\main.cpp(232): warning C4018: '<': signed/unsigned mismatch
  Generating Code...
  Project_CM_CPP.vcxproj -> C:\Users\Kacper\Documents\GitHub\CM_CPP_AS_KG\Project_CM_CPP\Debug\Project_CM_CPP.exe
